# JRE version: OpenJDK Runtime Environment Microsoft-8035246 (17.0.8+7) (build 17.0.8+7-LTS)
# Java VM: OpenJDK 64-Bit Server VM Microsoft-8035246 (17.0.8+7-LTS, mixed mode, sharing, tiered, compressed oops, compressed class ptrs, g1 gc, windows-amd64)
GC Precious Log:
 CPUs: 16 total, 16 available
 Memory: 24301M
 Large Page Support: Disabled
 NUMA Support: Disabled
 Compressed Oops: Enabled (32-bit)
 Heap Region Size: 1M
 Heap Min Capacity: 8M
 Heap Initial Capacity: 380M
 Heap Max Capacity: 2G
 Pre-touch: Disabled
 Parallel Workers: 13
 Concurrent Workers: 3
 Concurrent Refinement Workers: 13
 Periodic GC: Disabled
Heap:
 garbage-first heap   total 260096K, used 194933K [0x0000000080000000, 0x0000000100000000)
  region size 1024K, 45 young (46080K), 6 survivors (6144K)
 Metaspace       used 102147K, committed 103104K, reserved 557056K
  class space    used 14258K, committed 14720K, reserved 425984K
GC Heap History (20 events):
Event: 16.408 GC heap before
{Heap before GC invocations=18 (full 0):
 garbage-first heap   total 235520K, used 192961K [0x0000000080000000, 0x0000000100000000)
  region size 1024K, 105 young (107520K), 7 survivors (7168K)
 Metaspace       used 84693K, committed 85440K, reserved 557056K
  class space    used 11847K, committed 12224K, reserved 425984K
}
Event: 16.412 GC heap after
{Heap after GC invocations=19 (full 0):
 garbage-first heap   total 235520K, used 95127K [0x0000000080000000, 0x0000000100000000)
  region size 1024K, 11 young (11264K), 11 survivors (11264K)
 Metaspace       used 84693K, committed 85440K, reserved 557056K
  class space    used 11847K, committed 12224K, reserved 425984K
}
Event: 17.332 GC heap before
{Heap before GC invocations=19 (full 0):
 garbage-first heap   total 235520K, used 192407K [0x0000000080000000, 0x0000000100000000)
  region size 1024K, 107 young (109568K), 11 survivors (11264K)
 Metaspace       used 89031K, committed 89856K, reserved 557056K
  class space    used 12403K, committed 12800K, reserved 425984K
}
Event: 17.343 GC heap after
{Heap after GC invocations=20 (full 0):
 garbage-first heap   total 235520K, used 102802K [0x0000000080000000, 0x0000000100000000)
  region size 1024K, 12 young (12288K), 12 survivors (12288K)
 Metaspace       used 89031K, committed 89856K, reserved 557056K
  class space    used 12403K, committed 12800K, reserved 425984K
}
Event: 18.420 GC heap before
{Heap before GC invocations=20 (full 0):
 garbage-first heap   total 235520K, used 198034K [0x0000000080000000, 0x0000000100000000)
  region size 1024K, 100 young (102400K), 12 survivors (12288K)
 Metaspace       used 91588K, committed 92480K, reserved 557056K
  class space    used 12792K, committed 13248K, reserved 425984K
}
Event: 18.430 GC heap after
{Heap after GC invocations=21 (full 0):
 garbage-first heap   total 235520K, used 126123K [0x0000000080000000, 0x0000000100000000)
  region size 1024K, 13 young (13312K), 13 survivors (13312K)
 Metaspace       used 91588K, committed 92480K, reserved 557056K
  class space    used 12792K, committed 13248K, reserved 425984K
}
Event: 19.363 GC heap before
{Heap before GC invocations=21 (full 0):
 garbage-first heap   total 235520K, used 192683K [0x0000000080000000, 0x0000000100000000)
  region size 1024K, 78 young (79872K), 13 survivors (13312K)
 Metaspace       used 96917K, committed 97920K, reserved 557056K
  class space    used 13543K, committed 14016K, reserved 425984K
}
Event: 19.372 GC heap after
{Heap after GC invocations=22 (full 0):
 garbage-first heap   total 235520K, used 132038K [0x0000000080000000, 0x0000000100000000)
  region size 1024K, 5 young (5120K), 5 survivors (5120K)
 Metaspace       used 96917K, committed 97920K, reserved 557056K
  class space    used 13543K, committed 14016K, reserved 425984K
}
Event: 20.185 GC heap before
{Heap before GC invocations=23 (full 0):
 garbage-first heap   total 235520K, used 194502K [0x0000000080000000, 0x0000000100000000)
  region size 1024K, 66 young (67584K), 5 survivors (5120K)
 Metaspace       used 98466K, committed 99392K, reserved 557056K
  class space    used 13731K, committed 14208K, reserved 425984K
}
Event: 20.194 GC heap after
{Heap after GC invocations=24 (full 0):
 garbage-first heap   total 235520K, used 137872K [0x0000000080000000, 0x0000000100000000)
  region size 1024K, 9 young (9216K), 9 survivors (9216K)
 Metaspace       used 98466K, committed 99392K, reserved 557056K
  class space    used 13731K, committed 14208K, reserved 425984K
}
Event: 20.227 GC heap before
{Heap before GC invocations=24 (full 0):
 garbage-first heap   total 235520K, used 139920K [0x0000000080000000, 0x0000000100000000)
  region size 1024K, 11 young (11264K), 9 survivors (9216K)
 Metaspace       used 98515K, committed 99456K, reserved 557056K
  class space    used 13738K, committed 14208K, reserved 425984K
}
Event: 20.232 GC heap after
{Heap after GC invocations=25 (full 0):
 garbage-first heap   total 235520K, used 139284K [0x0000000080000000, 0x0000000100000000)
  region size 1024K, 2 young (2048K), 2 survivors (2048K)
 Metaspace       used 98515K, committed 99456K, reserved 557056K
  class space    used 13738K, committed 14208K, reserved 425984K
}
Event: 20.485 GC heap before
{Heap before GC invocations=25 (full 0):
 garbage-first heap   total 235520K, used 154644K [0x0000000080000000, 0x0000000100000000)
  region size 1024K, 19 young (19456K), 2 survivors (2048K)
 Metaspace       used 99462K, committed 100416K, reserved 557056K
  class space    used 13808K, committed 14272K, reserved 425984K
}
Event: 20.488 GC heap after
{Heap after GC invocations=26 (full 0):
 garbage-first heap   total 235520K, used 141616K [0x0000000080000000, 0x0000000100000000)
  region size 1024K, 4 young (4096K), 4 survivors (4096K)
 Metaspace       used 99462K, committed 100416K, reserved 557056K
  class space    used 13808K, committed 14272K, reserved 425984K
}
Event: 21.105 GC heap before
{Heap before GC invocations=27 (full 0):
 garbage-first heap   total 252928K, used 197936K [0x0000000080000000, 0x0000000100000000)
  region size 1024K, 55 young (56320K), 4 survivors (4096K)
 Metaspace       used 101841K, committed 102848K, reserved 557056K
  class space    used 14239K, committed 14720K, reserved 425984K
}
Event: 21.110 GC heap after
{Heap after GC invocations=28 (full 0):
 garbage-first heap   total 252928K, used 143617K [0x0000000080000000, 0x0000000100000000)
  region size 1024K, 6 young (6144K), 6 survivors (6144K)
 Metaspace       used 101841K, committed 102848K, reserved 557056K
  class space    used 14239K, committed 14720K, reserved 425984K
}
Event: 21.217 GC heap before
{Heap before GC invocations=28 (full 0):
 garbage-first heap   total 252928K, used 149761K [0x0000000080000000, 0x0000000100000000)
  region size 1024K, 12 young (12288K), 6 survivors (6144K)
 Metaspace       used 101976K, committed 102976K, reserved 557056K
  class space    used 14262K, committed 14720K, reserved 425984K
}
Event: 21.224 GC heap after
{Heap after GC invocations=29 (full 0):
 garbage-first heap   total 252928K, used 143431K [0x0000000080000000, 0x0000000100000000)
  region size 1024K, 2 young (2048K), 2 survivors (2048K)
 Metaspace       used 101976K, committed 102976K, reserved 557056K
  class space    used 14262K, committed 14720K, reserved 425984K
}
Event: 21.673 GC heap before
{Heap before GC invocations=29 (full 0):
 garbage-first heap   total 252928K, used 206919K [0x0000000080000000, 0x0000000100000000)
  region size 1024K, 65 young (66560K), 2 survivors (2048K)
 Metaspace       used 102109K, committed 103040K, reserved 557056K
  class space    used 14262K, committed 14720K, reserved 425984K
}
Event: 21.677 GC heap after
{Heap after GC invocations=30 (full 0):
 garbage-first heap   total 252928K, used 147829K [0x0000000080000000, 0x0000000100000000)
  region size 1024K, 6 young (6144K), 6 survivors (6144K)
 Metaspace       used 102109K, committed 103040K, reserved 557056K
  class space    used 14262K, committed 14720K, reserved 425984K
}

